{"timestamp": "2025-12-20T04:47:56.879932+00:00", "message": "User authentication error: HTTPConnectionPool(host='127.0.0.1', port=5000): Max retries exceeded with url: /login/ (Caused by NewConnectionError(\"HTTPConnection(host='127.0.0.1', port=5000): Failed to establish a new connection: [WinError 10061] No connection could be made because the target machine actively refused it\"))\nTraceback (most recent call last):\n  File \"D:\\CADT\\Year3\\Cryptography\\GO code\\server version\\venv\\Lib\\site-packages\\urllib3\\connection.py\", line 204, in _new_conn\n    sock = connection.create_connection(\n           ^^^^^^^^^^^^^^^^^^^^^^^^^^^^^\n  File \"D:\\CADT\\Year3\\Cryptography\\GO code\\server version\\venv\\Lib\\site-packages\\urllib3\\util\\connection.py\", line 85, in create_connection\n    raise err\n  File \"D:\\CADT\\Year3\\Cryptography\\GO code\\server version\\venv\\Lib\\site-packages\\urllib3\\util\\connection.py\", line 73, in create_connection\n    sock.connect(sa)\nConnectionRefusedError: [WinError 10061] No connection could be made because the target machine actively refused it\n\nThe above exception was the direct cause of the following exception:\n\nTraceback (most recent call last):\n  File \"D:\\CADT\\Year3\\Cryptography\\GO code\\server version\\venv\\Lib\\site-packages\\urllib3\\connectionpool.py\", line 787, in urlopen\n    response = self._make_request(\n               ^^^^^^^^^^^^^^^^^^^\n  File \"D:\\CADT\\Year3\\Cryptography\\GO code\\server version\\venv\\Lib\\site-packages\\urllib3\\connectionpool.py\", line 493, in _make_request\n    conn.request(\n  File \"D:\\CADT\\Year3\\Cryptography\\GO code\\server version\\venv\\Lib\\site-packages\\urllib3\\connection.py\", line 500, in request\n    self.endheaders()\n  File \"C:\\Program Files\\Python312\\Lib\\http\\client.py\", line 1326, in endheaders\n    self._send_output(message_body, encode_chunked=encode_chunked)\n  File \"C:\\Program Files\\Python312\\Lib\\http\\client.py\", line 1085, in _send_output\n    self.send(msg)\n  File \"C:\\Program Files\\Python312\\Lib\\http\\client.py\", line 1029, in send\n    self.connect()\n  File \"D:\\CADT\\Year3\\Cryptography\\GO code\\server version\\venv\\Lib\\site-packages\\urllib3\\connection.py\", line 331, in connect\n    self.sock = self._new_conn()\n                ^^^^^^^^^^^^^^^^\n  File \"D:\\CADT\\Year3\\Cryptography\\GO code\\server version\\venv\\Lib\\site-packages\\urllib3\\connection.py\", line 219, in _new_conn\n    raise NewConnectionError(\nurllib3.exceptions.NewConnectionError: HTTPConnection(host='127.0.0.1', port=5000): Failed to establish a new connection: [WinError 10061] No connection could be made because the target machine actively refused it\n\nThe above exception was the direct cause of the following exception:\n\nTraceback (most recent call last):\n  File \"D:\\CADT\\Year3\\Cryptography\\GO code\\server version\\venv\\Lib\\site-packages\\requests\\adapters.py\", line 564, in send\n    resp = conn.urlopen(\n           ^^^^^^^^^^^^^\n  File \"D:\\CADT\\Year3\\Cryptography\\GO code\\server version\\venv\\Lib\\site-packages\\urllib3\\connectionpool.py\", line 841, in urlopen\n    retries = retries.increment(\n              ^^^^^^^^^^^^^^^^^^\n  File \"D:\\CADT\\Year3\\Cryptography\\GO code\\server version\\venv\\Lib\\site-packages\\urllib3\\util\\retry.py\", line 519, in increment\n    raise MaxRetryError(_pool, url, reason) from reason  # type: ignore[arg-type]\n    ^^^^^^^^^^^^^^^^^^^^^^^^^^^^^^^^^^^^^^^^^^^^^^^^^^^\nurllib3.exceptions.MaxRetryError: HTTPConnectionPool(host='127.0.0.1', port=5000): Max retries exceeded with url: /login/ (Caused by NewConnectionError(\"HTTPConnection(host='127.0.0.1', port=5000): Failed to establish a new connection: [WinError 10061] No connection could be made because the target machine actively refused it\"))\n\nDuring handling of the above exception, another exception occurred:\n\nTraceback (most recent call last):\n  File \"D:\\CADT\\Year3\\Cryptography\\GO code\\server version\\code\\decryptor.py\", line 69, in authenticate_user\n    resp = requests.post(f\"{SERVER_URL}/login/\", json={\"username\":username,\"password\":password})\n           ^^^^^^^^^^^^^^^^^^^^^^^^^^^^^^^^^^^^^^^^^^^^^^^^^^^^^^^^^^^^^^^^^^^^^^^^^^^^^^^^^^^^^\n  File \"D:\\CADT\\Year3\\Cryptography\\GO code\\server version\\venv\\Lib\\site-packages\\requests\\api.py\", line 115, in post\n    return request(\"post\", url, data=data, json=json, **kwargs)\n           ^^^^^^^^^^^^^^^^^^^^^^^^^^^^^^^^^^^^^^^^^^^^^^^^^^^^\n  File \"D:\\CADT\\Year3\\Cryptography\\GO code\\server version\\venv\\Lib\\site-packages\\requests\\api.py\", line 59, in request\n    return session.request(method=method, url=url, **kwargs)\n           ^^^^^^^^^^^^^^^^^^^^^^^^^^^^^^^^^^^^^^^^^^^^^^^^^\n  File \"D:\\CADT\\Year3\\Cryptography\\GO code\\server version\\venv\\Lib\\site-packages\\requests\\sessions.py\", line 589, in request\n    resp = self.send(prep, **send_kwargs)\n           ^^^^^^^^^^^^^^^^^^^^^^^^^^^^^^\n  File \"D:\\CADT\\Year3\\Cryptography\\GO code\\server version\\venv\\Lib\\site-packages\\requests\\sessions.py\", line 703, in send\n    r = adapter.send(request, **kwargs)\n        ^^^^^^^^^^^^^^^^^^^^^^^^^^^^^^^\n  File \"D:\\CADT\\Year3\\Cryptography\\GO code\\server version\\venv\\Lib\\site-packages\\requests\\adapters.py\", line 597, in send\n    raise ConnectionError(e, request=request)\nrequests.exceptions.ConnectionError: HTTPConnectionPool(host='127.0.0.1', port=5000): Max retries exceeded with url: /login/ (Caused by NewConnectionError(\"HTTPConnection(host='127.0.0.1', port=5000): Failed to establish a new connection: [WinError 10061] No connection could be made because the target machine actively refused it\"))\n"}
{"timestamp": "2025-12-20T05:17:21.021366+00:00", "message": "User authentication error: HTTPConnectionPool(host='127.0.0.1', port=5000): Max retries exceeded with url: /login/ (Caused by NewConnectionError(\"HTTPConnection(host='127.0.0.1', port=5000): Failed to establish a new connection: [WinError 10061] No connection could be made because the target machine actively refused it\"))"}
{"timestamp": "2025-12-20T06:15:29.819456+00:00", "message": "Encryption failed for test.txt: Incorrect decryption.\nTraceback (most recent call last):\n  File \"D:\\CADT\\Year3\\Cryptography\\GO code\\server version\\code\\encryptor.py\", line 102, in encrypt_file\n    aes_key = PKCS1_OAEP.new(priv_key).decrypt(bytes.fromhex(encrypted_keys[first_recipient]))\n              ^^^^^^^^^^^^^^^^^^^^^^^^^^^^^^^^^^^^^^^^^^^^^^^^^^^^^^^^^^^^^^^^^^^^^^^^^^^^^^^^\n  File \"D:\\CADT\\Year3\\Cryptography\\GO code\\server version\\venv\\Lib\\site-packages\\Crypto\\Cipher\\PKCS1_OAEP.py\", line 200, in decrypt\n    raise ValueError(\"Incorrect decryption.\")\nValueError: Incorrect decryption.\n"}
{"timestamp": "2025-12-20T06:15:41.209354+00:00", "message": "Encryption failed for test.txt: Incorrect decryption.\nTraceback (most recent call last):\n  File \"D:\\CADT\\Year3\\Cryptography\\GO code\\server version\\code\\encryptor.py\", line 102, in encrypt_file\n    aes_key = PKCS1_OAEP.new(priv_key).decrypt(bytes.fromhex(encrypted_keys[first_recipient]))\n              ^^^^^^^^^^^^^^^^^^^^^^^^^^^^^^^^^^^^^^^^^^^^^^^^^^^^^^^^^^^^^^^^^^^^^^^^^^^^^^^^\n  File \"D:\\CADT\\Year3\\Cryptography\\GO code\\server version\\venv\\Lib\\site-packages\\Crypto\\Cipher\\PKCS1_OAEP.py\", line 200, in decrypt\n    raise ValueError(\"Incorrect decryption.\")\nValueError: Incorrect decryption.\n"}
{"timestamp": "2025-12-20T06:20:26.127728+00:00", "message": "Decryption failed for test.txt.enc: Padding is incorrect.\nTraceback (most recent call last):\n  File \"D:\\CADT\\Year3\\Cryptography\\GO code\\server version\\code\\decryptor.py\", line 100, in decrypt_file\n    priv_key = RSA.import_key((KEYS_DIR/f\"{username}_private.pem\").read_bytes(), passphrase=priv_passphrase)\n               ^^^^^^^^^^^^^^^^^^^^^^^^^^^^^^^^^^^^^^^^^^^^^^^^^^^^^^^^^^^^^^^^^^^^^^^^^^^^^^^^^^^^^^^^^^^^^\n  File \"D:\\CADT\\Year3\\Cryptography\\GO code\\server version\\venv\\Lib\\site-packages\\Crypto\\PublicKey\\RSA.py\", line 801, in import_key\n    (der, marker, enc_flag) = PEM.decode(tostr(extern_key), passphrase)\n                              ^^^^^^^^^^^^^^^^^^^^^^^^^^^^^^^^^^^^^^^^^\n  File \"D:\\CADT\\Year3\\Cryptography\\GO code\\server version\\venv\\Lib\\site-packages\\Crypto\\IO\\PEM.py\", line 183, in decode\n    data = unpad(objdec.decrypt(data), objdec.block_size)\n           ^^^^^^^^^^^^^^^^^^^^^^^^^^^^^^^^^^^^^^^^^^^^^^\n  File \"D:\\CADT\\Year3\\Cryptography\\GO code\\server version\\venv\\Lib\\site-packages\\Crypto\\Util\\Padding.py\", line 92, in unpad\n    raise ValueError(\"Padding is incorrect.\")\nValueError: Padding is incorrect.\n"}
{"timestamp": "2025-12-20T06:26:52.049207+00:00", "message": "Decryption failed for test.txt.enc: MAC check failed\nTraceback (most recent call last):\n  File \"D:\\CADT\\Year3\\Cryptography\\GO code\\server version\\code\\decryptor.py\", line 110, in decrypt_file\n    plaintext = cipher.decrypt_and_verify(ciphertext,tag)\n                ^^^^^^^^^^^^^^^^^^^^^^^^^^^^^^^^^^^^^^^^^\n  File \"D:\\CADT\\Year3\\Cryptography\\GO code\\server version\\venv\\Lib\\site-packages\\Crypto\\Cipher\\_mode_gcm.py\", line 567, in decrypt_and_verify\n    self.verify(received_mac_tag)\n  File \"D:\\CADT\\Year3\\Cryptography\\GO code\\server version\\venv\\Lib\\site-packages\\Crypto\\Cipher\\_mode_gcm.py\", line 508, in verify\n    raise ValueError(\"MAC check failed\")\nValueError: MAC check failed\n"}
{"timestamp": "2025-12-20T06:27:10.751655+00:00", "message": "Decryption failed for test.txt.enc: MAC check failed\nTraceback (most recent call last):\n  File \"D:\\CADT\\Year3\\Cryptography\\GO code\\server version\\code\\decryptor.py\", line 110, in decrypt_file\n    plaintext = cipher.decrypt_and_verify(ciphertext,tag)\n                ^^^^^^^^^^^^^^^^^^^^^^^^^^^^^^^^^^^^^^^^^\n  File \"D:\\CADT\\Year3\\Cryptography\\GO code\\server version\\venv\\Lib\\site-packages\\Crypto\\Cipher\\_mode_gcm.py\", line 567, in decrypt_and_verify\n    self.verify(received_mac_tag)\n  File \"D:\\CADT\\Year3\\Cryptography\\GO code\\server version\\venv\\Lib\\site-packages\\Crypto\\Cipher\\_mode_gcm.py\", line 508, in verify\n    raise ValueError(\"MAC check failed\")\nValueError: MAC check failed\n"}
{"timestamp": "2025-12-20T06:35:59.394616+00:00", "message": "Encryption failed for test.txt: Padding is incorrect.\nTraceback (most recent call last):\n  File \"D:\\CADT\\Year3\\Cryptography\\GO code\\server version\\code\\encryptor.py\", line 104, in encrypt_file\n  File \"D:\\CADT\\Year3\\Cryptography\\GO code\\server version\\venv\\Lib\\site-packages\\Crypto\\PublicKey\\RSA.py\", line 801, in import_key\n    (der, marker, enc_flag) = PEM.decode(tostr(extern_key), passphrase)\n                              ^^^^^^^^^^^^^^^^^^^^^^^^^^^^^^^^^^^^^^^^^\n  File \"D:\\CADT\\Year3\\Cryptography\\GO code\\server version\\venv\\Lib\\site-packages\\Crypto\\IO\\PEM.py\", line 183, in decode\n    data = unpad(objdec.decrypt(data), objdec.block_size)\n           ^^^^^^^^^^^^^^^^^^^^^^^^^^^^^^^^^^^^^^^^^^^^^^\n  File \"D:\\CADT\\Year3\\Cryptography\\GO code\\server version\\venv\\Lib\\site-packages\\Crypto\\Util\\Padding.py\", line 92, in unpad\n    raise ValueError(\"Padding is incorrect.\")\nValueError: Padding is incorrect.\n"}
{"timestamp": "2025-12-20T06:51:08.318788+00:00", "message": "Encryption failed for test.txt: Incorrect decryption.\nTraceback (most recent call last):\n  File \"D:\\CADT\\Year3\\Cryptography\\GO code\\server version\\code\\encryptor.py\", line 106, in encrypt_file\n    aes_key = PKCS1_OAEP.new(priv_key).decrypt(encrypted_aes_key)\n              ^^^^^^^^^^^^^^^^^^^^^^^^^^^^^^^^^^^^^^^^^^^^^^^^^^^\n  File \"D:\\CADT\\Year3\\Cryptography\\GO code\\server version\\venv\\Lib\\site-packages\\Crypto\\Cipher\\PKCS1_OAEP.py\", line 200, in decrypt\n    raise ValueError(\"Incorrect decryption.\")\nValueError: Incorrect decryption.\n"}
{"timestamp": "2025-12-20T06:55:54.201285+00:00", "message": "Encryption failed for test.txt: Incorrect decryption.\nTraceback (most recent call last):\n  File \"D:\\CADT\\Year3\\Cryptography\\GO code\\server version\\code\\encryptor.py\", line 111, in encrypt_file\n    aes_key = PKCS1_OAEP.new(priv_key).decrypt(encrypted_aes_key)\n              ^^^^^^^^^^^^^^^^^^^^^^^^^^^^^^^^^^^^^^^^^^^^^^^^^^^\n  File \"D:\\CADT\\Year3\\Cryptography\\GO code\\server version\\venv\\Lib\\site-packages\\Crypto\\Cipher\\PKCS1_OAEP.py\", line 200, in decrypt\n    raise ValueError(\"Incorrect decryption.\")\nValueError: Incorrect decryption.\n"}
{"timestamp": "2025-12-20T06:56:54.808511+00:00", "message": "Encryption failed for test.txt: Incorrect decryption.\nTraceback (most recent call last):\n  File \"D:\\CADT\\Year3\\Cryptography\\GO code\\server version\\code\\encryptor.py\", line 111, in encrypt_file\n    aes_key = PKCS1_OAEP.new(priv_key).decrypt(encrypted_aes_key)\n              ^^^^^^^^^^^^^^^^^^^^^^^^^^^^^^^^^^^^^^^^^^^^^^^^^^^\n  File \"D:\\CADT\\Year3\\Cryptography\\GO code\\server version\\venv\\Lib\\site-packages\\Crypto\\Cipher\\PKCS1_OAEP.py\", line 200, in decrypt\n    raise ValueError(\"Incorrect decryption.\")\nValueError: Incorrect decryption.\n"}
{"timestamp": "2025-12-20T07:03:42.586716+00:00", "message": "Encryption failed for test.txt: Incorrect decryption.\nTraceback (most recent call last):\n  File \"D:\\CADT\\Year3\\Cryptography\\GO code\\server version\\code\\encryptor.py\", line 102, in encrypt_file\n    aes_key = PKCS1_OAEP.new(priv_key).decrypt(bytes.fromhex(metadata[\"encrypted_keys\"][first_recipient]))\n              ^^^^^^^^^^^^^^^^^^^^^^^^^^^^^^^^^^^^^^^^^^^^^^^^^^^^^^^^^^^^^^^^^^^^^^^^^^^^^^^^^^^^^^^^^^^^\n  File \"D:\\CADT\\Year3\\Cryptography\\GO code\\server version\\venv\\Lib\\site-packages\\Crypto\\Cipher\\PKCS1_OAEP.py\", line 200, in decrypt\n    raise ValueError(\"Incorrect decryption.\")\nValueError: Incorrect decryption.\n"}
{"timestamp": "2025-12-20T07:14:57.589196+00:00", "message": "Encryption failed for test.txt: Incorrect decryption.\nTraceback (most recent call last):\n  File \"D:\\CADT\\Year3\\Cryptography\\GO code\\server version\\code\\encryptor.py\", line 106, in encrypt_file\n    aes_key = PKCS1_OAEP.new(priv_key).decrypt(encrypted_aes_key)\n              ^^^^^^^^^^^^^^^^^^^^^^^^^^^^^^^^^^^^^^^^^^^^^^^^^^^\n  File \"D:\\CADT\\Year3\\Cryptography\\GO code\\server version\\venv\\Lib\\site-packages\\Crypto\\Cipher\\PKCS1_OAEP.py\", line 200, in decrypt\n    raise ValueError(\"Incorrect decryption.\")\nValueError: Incorrect decryption.\n"}
{"timestamp": "2025-12-20T07:15:38.982613+00:00", "message": "Encryption failed for test.txt: Incorrect decryption.\nTraceback (most recent call last):\n  File \"D:\\CADT\\Year3\\Cryptography\\GO code\\server version\\code\\encryptor.py\", line 106, in encrypt_file\n    aes_key = PKCS1_OAEP.new(priv_key).decrypt(encrypted_aes_key)\n              ^^^^^^^^^^^^^^^^^^^^^^^^^^^^^^^^^^^^^^^^^^^^^^^^^^^\n  File \"D:\\CADT\\Year3\\Cryptography\\GO code\\server version\\venv\\Lib\\site-packages\\Crypto\\Cipher\\PKCS1_OAEP.py\", line 200, in decrypt\n    raise ValueError(\"Incorrect decryption.\")\nValueError: Incorrect decryption.\n"}
{"timestamp": "2025-12-20T07:20:23.392781+00:00", "message": "Encryption failed for test.txt: Incorrect decryption.\nTraceback (most recent call last):\n  File \"D:\\CADT\\Year3\\Cryptography\\GO code\\server version\\code\\encryptor.py\", line 109, in encrypt_file\n    aes_key = PKCS1_OAEP.new(priv_key).decrypt(encrypted_aes_key)\n              ^^^^^^^^^^^^^^^^^^^^^^^^^^^^^^^^^^^^^^^^^^^^^^^^^^^\n  File \"D:\\CADT\\Year3\\Cryptography\\GO code\\server version\\venv\\Lib\\site-packages\\Crypto\\Cipher\\PKCS1_OAEP.py\", line 200, in decrypt\n    raise ValueError(\"Incorrect decryption.\")\nValueError: Incorrect decryption.\n"}
